<?xml version="1.0" encoding="UTF-8"?>
<testng-results ignored="0" total="1" passed="1" failed="0" skipped="0">
  <reporter-output>
  </reporter-output>
  <suite started-at="2022-06-30T17:36:53 IST" name="Default suite" finished-at="2022-06-30T17:37:05 IST" duration-ms="11998">
    <groups>
    </groups>
    <test started-at="2022-06-30T17:36:53 IST" name="Default test" finished-at="2022-06-30T17:37:05 IST" duration-ms="11998">
      <class name="TestCase.Loginpage">
        <test-method signature="login()[pri:0, instance:TestCase.Loginpage@342c38f8]" started-at="2022-06-30T17:36:53 IST" name="login" finished-at="2022-06-30T17:37:05 IST" duration-ms="11957" status="PASS">
          <reporter-output>
          </reporter-output>
        </test-method> <!-- login -->
      </class> <!-- TestCase.Loginpage -->
    </test> <!-- Default test -->
  </suite> <!-- Default suite -->
</testng-results>
